TN:
SF:src/modules/todos/services/ChangeTodoColorService.ts
FN:7,_dec2
FN:8,ChangeTodoColorService
FN:13,execute
FNF:3
FNH:3
FNDA:1,_dec2
FNDA:2,ChangeTodoColorService
FNDA:2,execute
DA:1,1
DA:2,1
DA:3,1
DA:4,1
DA:5,1
DA:6,1
DA:7,1
DA:8,1
DA:9,2
DA:10,2
DA:11,2
DA:12,1
DA:13,1
DA:14,2
DA:15,2
DA:16,2
DA:17,1
DA:18,1
DA:19,1
DA:20,1
DA:21,1
DA:22,1
DA:23,1
DA:24,1
DA:25,1
DA:26,1
LF:26
LH:26
BRDA:7,0,0,1
BRDA:8,1,0,2
BRDA:13,2,0,2
BRDA:16,3,0,1
BRF:4
BRH:4
end_of_record
TN:
SF:src/modules/todos/services/CreateTodoService.ts
FN:7,_dec2
FN:8,CreateTodoService
FN:13,execute
FNF:3
FNH:3
FNDA:1,_dec2
FNDA:1,CreateTodoService
FNDA:1,execute
DA:1,1
DA:2,1
DA:3,1
DA:4,1
DA:5,1
DA:6,1
DA:7,1
DA:8,1
DA:9,1
DA:10,1
DA:11,1
DA:12,1
DA:13,1
DA:14,1
DA:15,1
DA:16,1
DA:17,1
DA:18,1
DA:19,1
DA:20,1
LF:20
LH:20
BRDA:7,0,0,1
BRDA:8,1,0,1
BRDA:13,2,0,1
BRF:3
BRH:3
end_of_record
TN:
SF:src/modules/todos/services/DeleteTodoService.ts
FN:6,_dec2
FN:7,DeleteTodoService
FN:12,execute
FNF:3
FNH:3
FNDA:1,_dec2
FNDA:2,DeleteTodoService
FNDA:2,execute
DA:1,1
DA:2,1
DA:3,1
DA:4,1
DA:5,1
DA:6,1
DA:7,1
DA:8,2
DA:9,2
DA:10,2
DA:11,1
DA:12,1
DA:13,2
DA:14,2
DA:15,2
DA:16,1
DA:17,1
DA:18,1
DA:19,1
DA:20,1
DA:21,1
DA:22,1
LF:22
LH:22
BRDA:6,0,0,1
BRDA:7,1,0,2
BRDA:12,2,0,2
BRDA:15,3,0,1
BRF:4
BRH:4
end_of_record
TN:
SF:src/modules/todos/services/ListTodosService.ts
FN:6,_dec2
FN:7,ListTodosService
FN:12,execute
FNF:3
FNH:3
FNDA:2,_dec2
FNDA:3,ListTodosService
FNDA:2,execute
DA:1,1
DA:2,1
DA:3,1
DA:4,1
DA:5,1
DA:6,2
DA:7,2
DA:8,3
DA:9,3
DA:10,3
DA:11,1
DA:12,1
DA:13,2
DA:14,2
DA:15,2
DA:16,2
DA:17,1
LF:17
LH:17
BRDA:6,0,0,2
BRDA:7,1,0,3
BRDA:12,2,0,2
BRF:3
BRH:3
end_of_record
TN:
SF:src/modules/todos/services/ToggleTodoToFavoriteService.ts
FN:7,_dec2
FN:8,ToggleTodoToFavoriteService
FN:13,execute
FNF:3
FNH:3
FNDA:1,_dec2
FNDA:2,ToggleTodoToFavoriteService
FNDA:3,execute
DA:1,1
DA:2,1
DA:3,1
DA:4,1
DA:5,1
DA:6,1
DA:7,1
DA:8,1
DA:9,2
DA:10,2
DA:11,2
DA:12,1
DA:13,1
DA:14,3
DA:15,3
DA:16,3
DA:17,1
DA:18,1
DA:19,2
DA:20,2
DA:21,2
DA:22,2
DA:23,2
DA:24,2
DA:25,2
DA:26,2
DA:27,1
LF:27
LH:27
BRDA:7,0,0,1
BRDA:8,1,0,2
BRDA:13,2,0,3
BRDA:16,3,0,1
BRDA:18,4,0,2
BRF:5
BRH:5
end_of_record
TN:
SF:src/modules/todos/services/UpdateTodoService.ts
FN:8,_dec2
FN:9,UpdateTodoService
FN:14,execute
FNF:3
FNH:3
FNDA:1,_dec2
FNDA:2,UpdateTodoService
FNDA:2,execute
DA:1,1
DA:2,1
DA:3,1
DA:4,1
DA:5,1
DA:6,1
DA:7,1
DA:8,1
DA:9,1
DA:10,2
DA:11,2
DA:12,2
DA:13,1
DA:14,1
DA:15,2
DA:16,2
DA:17,2
DA:18,1
DA:19,1
DA:20,1
DA:21,1
DA:22,1
DA:23,1
DA:24,1
DA:25,1
DA:26,1
DA:27,1
DA:28,1
DA:29,1
LF:29
LH:29
BRDA:8,0,0,1
BRDA:9,1,0,2
BRDA:14,2,0,2
BRDA:17,3,0,1
BRF:4
BRH:4
end_of_record
TN:
SF:src/modules/users/services/CreateUserService.ts
FN:8,_dec2
FN:9,CreateUserService
FN:14,execute
FNF:3
FNH:3
FNDA:1,_dec2
FNDA:2,CreateUserService
FNDA:3,execute
DA:1,1
DA:2,1
DA:3,1
DA:4,1
DA:5,1
DA:6,1
DA:7,1
DA:8,1
DA:9,1
DA:10,2
DA:11,2
DA:12,2
DA:13,1
DA:14,1
DA:15,3
DA:16,3
DA:17,3
DA:18,1
DA:19,1
DA:20,2
DA:21,2
DA:22,2
DA:23,2
DA:24,2
DA:25,2
DA:26,2
DA:27,1
LF:27
LH:27
BRDA:8,0,0,1
BRDA:9,1,0,2
BRDA:14,2,0,3
BRDA:17,3,0,1
BRDA:19,4,0,2
BRF:5
BRH:5
end_of_record
